<?xml version="1.0" encoding="UTF-8"?>
<!-- Generated by org.testng.reporters.JUnitXMLReporter -->
<testsuite hostname="DESKTOP-JVC3DQI" ignored="85" name="Default test" tests="1" failures="0" timestamp="28 Jun 2018 12:35:36 GMT" time="49.73" errors="0">
  <testcase name="Quotations_Dataset_Table_Design_Swaping_Columns_Test" time="15.461" classname="com.testcases.BuildPageTest"/>
  <testcase name="Purchasing_Dataset_LineChart_Design_Report_Test" time="0.0" classname="com.testcases.BuildPageTest">
    <ignored/>
  </testcase> <!-- Purchasing_Dataset_LineChart_Design_Report_Test -->
  <testcase name="Purchasing_Dataset_BoxPlotChart_Design_Report_Test" time="0.0" classname="com.testcases.BuildPageTest">
    <ignored/>
  </testcase> <!-- Purchasing_Dataset_BoxPlotChart_Design_Report_Test -->
  <testcase name="Sales_Dataset_Total_of_Selected_field_Test" time="0.0" classname="com.testcases.BuildPageTest">
    <ignored/>
  </testcase> <!-- Sales_Dataset_Total_of_Selected_field_Test -->
  <testcase name="Sales_Dataset_Summary_Design_Report_Test" time="0.0" classname="com.testcases.BuildPageTest">
    <ignored/>
  </testcase> <!-- Sales_Dataset_Summary_Design_Report_Test -->
  <testcase name="Finance_FinishedGoods_DataSet_Report_Test" time="0.0" classname="com.testcases.BuildPageTest">
    <ignored/>
  </testcase> <!-- Finance_FinishedGoods_DataSet_Report_Test -->
  <testcase name="Sales_Dataset_Table_Design_Remove_and_add_all_columns_Test" time="0.0" classname="com.testcases.BuildPageTest">
    <ignored/>
  </testcase> <!-- Sales_Dataset_Table_Design_Remove_and_add_all_columns_Test -->
  <testcase name="Sales_Dataset_Add_Selected_fields_to_Report_Test" time="0.0" classname="com.testcases.BuildPageTest">
    <ignored/>
  </testcase> <!-- Sales_Dataset_Add_Selected_fields_to_Report_Test -->
  <testcase name="Quotation_Dataset_ScatterChart_Design_Report_Test" time="0.0" classname="com.testcases.BuildPageTest">
    <ignored/>
  </testcase> <!-- Quotation_Dataset_ScatterChart_Design_Report_Test -->
  <testcase name="Sales_Dataset_BarChart_Design_Report_Test" time="0.0" classname="com.testcases.BuildPageTest">
    <ignored/>
  </testcase> <!-- Sales_Dataset_BarChart_Design_Report_Test -->
  <testcase name="Purchasing_Dataset_BubbleChart_Design_Report_Test" time="0.0" classname="com.testcases.BuildPageTest">
    <ignored/>
  </testcase> <!-- Purchasing_Dataset_BubbleChart_Design_Report_Test -->
  <testcase name="Sales_Dataset_Sort_fields_in_Ascending_and_Descending_Order_Test" time="0.0" classname="com.testcases.BuildPageTest">
    <ignored/>
  </testcase> <!-- Sales_Dataset_Sort_fields_in_Ascending_and_Descending_Order_Test -->
  <testcase name="DataSet_Test" time="0.0" classname="com.testcases.BuildPageTest">
    <ignored/>
  </testcase> <!-- DataSet_Test -->
  <testcase name="Sales_Dataset_LineChart_Design_Report_Test" time="0.0" classname="com.testcases.BuildPageTest">
    <ignored/>
  </testcase> <!-- Sales_Dataset_LineChart_Design_Report_Test -->
  <testcase name="Purchasing_Dataset_Total_of_Selected_field_Test" time="0.0" classname="com.testcases.BuildPageTest">
    <ignored/>
  </testcase> <!-- Purchasing_Dataset_Total_of_Selected_field_Test -->
  <testcase name="Quotation_Dataset_Table_Design_Column_Deletion_Test" time="0.0" classname="com.testcases.BuildPageTest">
    <ignored/>
  </testcase> <!-- Quotation_Dataset_Table_Design_Column_Deletion_Test -->
  <testcase name="Purchasing_Dataset_filter_option_Test" time="0.0" classname="com.testcases.BuildPageTest">
    <ignored/>
  </testcase> <!-- Purchasing_Dataset_filter_option_Test -->
  <testcase name="Stores_RawMaterials_DataSet_Report_Test" time="0.0" classname="com.testcases.BuildPageTest">
    <ignored/>
  </testcase> <!-- Stores_RawMaterials_DataSet_Report_Test -->
  <testcase name="Quotation_Dataset_Total_of_Selected_field_Test" time="0.0" classname="com.testcases.BuildPageTest">
    <ignored/>
  </testcase> <!-- Quotation_Dataset_Total_of_Selected_field_Test -->
  <testcase name="Quotation_Dataset_BarChart_Design_Report_Test" time="0.0" classname="com.testcases.BuildPageTest">
    <ignored/>
  </testcase> <!-- Quotation_Dataset_BarChart_Design_Report_Test -->
  <testcase name="Purchasing_Dataset_BarChart_Design_Report_Test" time="0.0" classname="com.testcases.BuildPageTest">
    <ignored/>
  </testcase> <!-- Purchasing_Dataset_BarChart_Design_Report_Test -->
  <testcase name="Production_Operations_Report_Test" time="0.0" classname="com.testcases.BuildPageTest">
    <ignored/>
  </testcase> <!-- Production_Operations_Report_Test -->
  <testcase name="Sales_Dataset_filter_date_wise_Option_Test" time="0.0" classname="com.testcases.BuildPageTest">
    <ignored/>
  </testcase> <!-- Sales_Dataset_filter_date_wise_Option_Test -->
  <testcase name="Quotation_Dataset_LineChart_Design_Report_Test" time="0.0" classname="com.testcases.BuildPageTest">
    <ignored/>
  </testcase> <!-- Quotation_Dataset_LineChart_Design_Report_Test -->
  <testcase name="Purchasing_Dataset_Table_Design_Column_Deletion_Test" time="0.0" classname="com.testcases.BuildPageTest">
    <ignored/>
  </testcase> <!-- Purchasing_Dataset_Table_Design_Column_Deletion_Test -->
  <testcase name="Create_Purchasing_DataSet_Report_Test" time="0.0" classname="com.testcases.BuildPageTest">
    <ignored/>
  </testcase> <!-- Create_Purchasing_DataSet_Report_Test -->
  <testcase name="Sales_Dataset_BoxPlotChart_Design_Report_Test" time="0.0" classname="com.testcases.BuildPageTest">
    <ignored/>
  </testcase> <!-- Sales_Dataset_BoxPlotChart_Design_Report_Test -->
  <testcase name="Production_Clocking_Report_Test" time="0.0" classname="com.testcases.BuildPageTest">
    <ignored/>
  </testcase> <!-- Production_Clocking_Report_Test -->
  <testcase name="Sales_Dataset_Table_Design_Column_Deletion_Test" time="0.0" classname="com.testcases.BuildPageTest">
    <ignored/>
  </testcase> <!-- Sales_Dataset_Table_Design_Column_Deletion_Test -->
  <testcase name="Quotation_Dataset_Table_Design_Remove_and_add_all_columns_Test" time="0.0" classname="com.testcases.BuildPageTest">
    <ignored/>
  </testcase> <!-- Quotation_Dataset_Table_Design_Remove_and_add_all_columns_Test -->
  <testcase name="Finance_Salesinvoice_DataSet_Report_Test" time="0.0" classname="com.testcases.BuildPageTest">
    <ignored/>
  </testcase> <!-- Finance_Salesinvoice_DataSet_Report_Test -->
  <testcase name="Purchasing_Dataset_Sort_fields_in_Ascending_and_Descending_Order_Test" time="0.0" classname="com.testcases.BuildPageTest">
    <ignored/>
  </testcase> <!-- Purchasing_Dataset_Sort_fields_in_Ascending_and_Descending_Order_Test -->
  <testcase name="Quotation_Dataset_WaterFallChart_Design_Report_Test" time="0.0" classname="com.testcases.BuildPageTest">
    <ignored/>
  </testcase> <!-- Quotation_Dataset_WaterFallChart_Design_Report_Test -->
  <testcase name="Quotation_Dataset_filter_date_wise_Option_Test" time="0.0" classname="com.testcases.BuildPageTest">
    <ignored/>
  </testcase> <!-- Quotation_Dataset_filter_date_wise_Option_Test -->
  <testcase name="Copy_Report_Option_Test" time="0.0" classname="com.testcases.BuildPageTest">
    <ignored/>
  </testcase> <!-- Copy_Report_Option_Test -->
  <testcase name="Purchasing_Dataset_filter_date_wise_Option_Test" time="0.0" classname="com.testcases.BuildPageTest">
    <ignored/>
  </testcase> <!-- Purchasing_Dataset_filter_date_wise_Option_Test -->
  <testcase name="Sales_Dataset_Share_Report_option_Test" time="0.0" classname="com.testcases.BuildPageTest">
    <ignored/>
  </testcase> <!-- Sales_Dataset_Share_Report_option_Test -->
  <testcase name="Create_Quotations_DataSet_Report_Test" time="0.0" classname="com.testcases.BuildPageTest">
    <ignored/>
  </testcase> <!-- Create_Quotations_DataSet_Report_Test -->
  <testcase name="Create_Quotations_DataSet_Delete_Report_Test" time="0.0" classname="com.testcases.BuildPageTest">
    <ignored/>
  </testcase> <!-- Create_Quotations_DataSet_Delete_Report_Test -->
  <testcase name="Quotation_Dataset_BoxPlotChart_Design_Report_Test" time="0.0" classname="com.testcases.BuildPageTest">
    <ignored/>
  </testcase> <!-- Quotation_Dataset_BoxPlotChart_Design_Report_Test -->
  <testcase name="Quotation_Dataset_filter_option_Test" time="0.0" classname="com.testcases.BuildPageTest">
    <ignored/>
  </testcase> <!-- Quotation_Dataset_filter_option_Test -->
  <testcase name="Production_Jobs_Dataset_Report_Test" time="0.0" classname="com.testcases.BuildPageTest">
    <ignored/>
  </testcase> <!-- Production_Jobs_Dataset_Report_Test -->
  <testcase name="Sales_Dataset_WaterFallChart_Design_Report_Test" time="0.0" classname="com.testcases.BuildPageTest">
    <ignored/>
  </testcase> <!-- Sales_Dataset_WaterFallChart_Design_Report_Test -->
  <testcase name="Quotation_Dataset_Sort_fields_in_Ascending_and_Descending_Order_Test" time="0.0" classname="com.testcases.BuildPageTest">
    <ignored/>
  </testcase> <!-- Quotation_Dataset_Sort_fields_in_Ascending_and_Descending_Order_Test -->
  <testcase name="Quotation_Dataset_filter_Single_Entity_and_Start_and_End_Option_Test" time="0.0" classname="com.testcases.BuildPageTest">
    <ignored/>
  </testcase> <!-- Quotation_Dataset_filter_Single_Entity_and_Start_and_End_Option_Test -->
  <testcase name="Quotation_Dataset_BubbleChart_Design_Report_Test" time="0.0" classname="com.testcases.BuildPageTest">
    <ignored/>
  </testcase> <!-- Quotation_Dataset_BubbleChart_Design_Report_Test -->
  <testcase name="Purchasing_Dataset_WaterFallChart_Design_Report_Test" time="0.0" classname="com.testcases.BuildPageTest">
    <ignored/>
  </testcase> <!-- Purchasing_Dataset_WaterFallChart_Design_Report_Test -->
  <testcase name="Quotation_Dataset_Summary_Design_Report_Test" time="0.0" classname="com.testcases.BuildPageTest">
    <ignored/>
  </testcase> <!-- Quotation_Dataset_Summary_Design_Report_Test -->
  <testcase name="Sales_Dataset_PieChart_Design_Report_Test" time="0.0" classname="com.testcases.BuildPageTest">
    <ignored/>
  </testcase> <!-- Sales_Dataset_PieChart_Design_Report_Test -->
  <testcase name="Sales_Dataset_Group_by_selected_field_Test" time="0.0" classname="com.testcases.BuildPageTest">
    <ignored/>
  </testcase> <!-- Sales_Dataset_Group_by_selected_field_Test -->
  <testcase name="Finance_RawMaterials_DataSet_Report_Test" time="0.0" classname="com.testcases.BuildPageTest">
    <ignored/>
  </testcase> <!-- Finance_RawMaterials_DataSet_Report_Test -->
  <testcase name="Quotation_Dataset_SpiderChart_Design_Report_Test" time="0.0" classname="com.testcases.BuildPageTest">
    <ignored/>
  </testcase> <!-- Quotation_Dataset_SpiderChart_Design_Report_Test -->
  <testcase name="Sales_Dataset_filter_option_Test" time="0.0" classname="com.testcases.BuildPageTest">
    <ignored/>
  </testcase> <!-- Sales_Dataset_filter_option_Test -->
  <testcase name="Purchasing_Dataset_Table_Design_Swaping_Columns_Test" time="0.0" classname="com.testcases.BuildPageTest">
    <ignored/>
  </testcase> <!-- Purchasing_Dataset_Table_Design_Swaping_Columns_Test -->
  <testcase name="Stores_FinishedGoods_DataSet_Report_Test" time="0.0" classname="com.testcases.BuildPageTest">
    <ignored/>
  </testcase> <!-- Stores_FinishedGoods_DataSet_Report_Test -->
  <testcase name="Purchasing_Dataset_Group_by_selected_field_Test" time="0.0" classname="com.testcases.BuildPageTest">
    <ignored/>
  </testcase> <!-- Purchasing_Dataset_Group_by_selected_field_Test -->
  <testcase name="Quality_SupplierReject_Dataset_Report_Test" time="0.0" classname="com.testcases.BuildPageTest">
    <ignored/>
  </testcase> <!-- Quality_SupplierReject_Dataset_Report_Test -->
  <testcase name="Quotation_Dataset_Group_by_selected_field_Test" time="0.0" classname="com.testcases.BuildPageTest">
    <ignored/>
  </testcase> <!-- Quotation_Dataset_Group_by_selected_field_Test -->
  <testcase name="Purchasing_Dataset_Add_Selected_fields_to_Report_Test" time="0.0" classname="com.testcases.BuildPageTest">
    <ignored/>
  </testcase> <!-- Purchasing_Dataset_Add_Selected_fields_to_Report_Test -->
  <testcase name="Create_Purchasing_DataSet_Delete_Report_Test" time="0.0" classname="com.testcases.BuildPageTest">
    <ignored/>
  </testcase> <!-- Create_Purchasing_DataSet_Delete_Report_Test -->
  <testcase name="Purchasing_Dataset_RoseChart_Design_Report_Test" time="0.0" classname="com.testcases.BuildPageTest">
    <ignored/>
  </testcase> <!-- Purchasing_Dataset_RoseChart_Design_Report_Test -->
  <testcase name="Sales_Dataset_ScatterChart_Design_Report_Test" time="0.0" classname="com.testcases.BuildPageTest">
    <ignored/>
  </testcase> <!-- Sales_Dataset_ScatterChart_Design_Report_Test -->
  <testcase name="Quality_InternalReject_DataSet_Report_Test" time="0.0" classname="com.testcases.BuildPageTest">
    <ignored/>
  </testcase> <!-- Quality_InternalReject_DataSet_Report_Test -->
  <testcase name="Sales_Dataset_filter_Single_Entity_and_Start_and_End_Option_Test" time="0.0" classname="com.testcases.BuildPageTest">
    <ignored/>
  </testcase> <!-- Sales_Dataset_filter_Single_Entity_and_Start_and_End_Option_Test -->
  <testcase name="Despatch_DataSet_Report_Test" time="0.0" classname="com.testcases.BuildPageTest">
    <ignored/>
  </testcase> <!-- Despatch_DataSet_Report_Test -->
  <testcase name="Sales_Dataset_RoseChart_Design_Report_Test" time="0.0" classname="com.testcases.BuildPageTest">
    <ignored/>
  </testcase> <!-- Sales_Dataset_RoseChart_Design_Report_Test -->
  <testcase name="Sales_Dataset_BubbleChart_Design_Report_Test" time="0.0" classname="com.testcases.BuildPageTest">
    <ignored/>
  </testcase> <!-- Sales_Dataset_BubbleChart_Design_Report_Test -->
  <testcase name="Purchasing_Dataset_Share_Report_option_Test" time="0.0" classname="com.testcases.BuildPageTest">
    <ignored/>
  </testcase> <!-- Purchasing_Dataset_Share_Report_option_Test -->
  <testcase name="Purchasing_Dataset_filter_Single_Entity_and_Start_and_End_Option_Test" time="0.0" classname="com.testcases.BuildPageTest">
    <ignored/>
  </testcase> <!-- Purchasing_Dataset_filter_Single_Entity_and_Start_and_End_Option_Test -->
  <testcase name="Create_Sales_DataSet_Report_Test" time="0.0" classname="com.testcases.BuildPageTest">
    <ignored/>
  </testcase> <!-- Create_Sales_DataSet_Report_Test -->
  <testcase name="Purchasing_Dataset_Summary_Design_Report_Test" time="0.0" classname="com.testcases.BuildPageTest">
    <ignored/>
  </testcase> <!-- Purchasing_Dataset_Summary_Design_Report_Test -->
  <testcase name="Purchasing_Dataset_PieChart_Design_Report_Test" time="0.0" classname="com.testcases.BuildPageTest">
    <ignored/>
  </testcase> <!-- Purchasing_Dataset_PieChart_Design_Report_Test -->
  <testcase name="BuildPage_Test" time="0.0" classname="com.testcases.BuildPageTest">
    <ignored/>
  </testcase> <!-- BuildPage_Test -->
  <testcase name="Purchasing_Dataset_SpiderChart_Design_Report_Test" time="0.0" classname="com.testcases.BuildPageTest">
    <ignored/>
  </testcase> <!-- Purchasing_Dataset_SpiderChart_Design_Report_Test -->
  <testcase name="Purchasing_Dataset_ScatterChart_Design_Report_Test" time="0.0" classname="com.testcases.BuildPageTest">
    <ignored/>
  </testcase> <!-- Purchasing_Dataset_ScatterChart_Design_Report_Test -->
  <testcase name="Sales_Dataset_SpiderChart_Design_Report_Test" time="0.0" classname="com.testcases.BuildPageTest">
    <ignored/>
  </testcase> <!-- Sales_Dataset_SpiderChart_Design_Report_Test -->
  <testcase name="Sales_Dataset_Table_Design_Swaping_Columns_Test" time="0.0" classname="com.testcases.BuildPageTest">
    <ignored/>
  </testcase> <!-- Sales_Dataset_Table_Design_Swaping_Columns_Test -->
  <testcase name="Quality_CustomerReject_DataSet_Report_Test" time="0.0" classname="com.testcases.BuildPageTest">
    <ignored/>
  </testcase> <!-- Quality_CustomerReject_DataSet_Report_Test -->
  <testcase name="Create_Sales_DataSet_Delete_Report_Test" time="0.0" classname="com.testcases.BuildPageTest">
    <ignored/>
  </testcase> <!-- Create_Sales_DataSet_Delete_Report_Test -->
  <testcase name="Quotation_Dataset_Add_Selected_fields_to_Report_Test" time="0.0" classname="com.testcases.BuildPageTest">
    <ignored/>
  </testcase> <!-- Quotation_Dataset_Add_Selected_fields_to_Report_Test -->
  <testcase name="Finance_WIP_DataSet_Report_Test" time="0.0" classname="com.testcases.BuildPageTest">
    <ignored/>
  </testcase> <!-- Finance_WIP_DataSet_Report_Test -->
  <testcase name="Quotation_Dataset_RoseChart_Design_Report_Test" time="0.0" classname="com.testcases.BuildPageTest">
    <ignored/>
  </testcase> <!-- Quotation_Dataset_RoseChart_Design_Report_Test -->
  <testcase name="Finance_PurchaseInvoice_DataSet_Report_Test" time="0.0" classname="com.testcases.BuildPageTest">
    <ignored/>
  </testcase> <!-- Finance_PurchaseInvoice_DataSet_Report_Test -->
  <testcase name="Quotation_Dataset_Share_Report_option_Test" time="0.0" classname="com.testcases.BuildPageTest">
    <ignored/>
  </testcase> <!-- Quotation_Dataset_Share_Report_option_Test -->
  <testcase name="Purchasing_Dataset_Table_Design_Remove_and_add_all_columns_Test" time="0.0" classname="com.testcases.BuildPageTest">
    <ignored/>
  </testcase> <!-- Purchasing_Dataset_Table_Design_Remove_and_add_all_columns_Test -->
  <testcase name="Quotation_Dataset_PieChart_Design_Report_Test" time="0.0" classname="com.testcases.BuildPageTest">
    <ignored/>
  </testcase> <!-- Quotation_Dataset_PieChart_Design_Report_Test -->
</testsuite> <!-- Default test -->
